[debug] [2019-01-28T16:22:46.477Z] ----------------------------------------------------------------------
[debug] [2019-01-28T16:22:46.479Z] Command:       C:\Program Files\nodejs\node.exe C:\Users\pavel.k\AppData\Roaming\npm\node_modules\firebase-tools\lib\bin\firebase.js serve
[debug] [2019-01-28T16:22:46.479Z] CLI Version:   6.2.2
[debug] [2019-01-28T16:22:46.479Z] Platform:      win32
[debug] [2019-01-28T16:22:46.479Z] Node Version:  v8.12.0
[debug] [2019-01-28T16:22:46.480Z] Time:          Mon Jan 28 2019 18:22:46 GMT+0200 (Jerusalem Standard Time)
[debug] [2019-01-28T16:22:46.480Z] ----------------------------------------------------------------------
[debug] 
[debug] [2019-01-28T16:22:46.488Z] > command requires scopes: ["email","openid","https://www.googleapis.com/auth/cloudplatformprojects.readonly","https://www.googleapis.com/auth/firebase","https://www.googleapis.com/auth/cloud-platform"]
[debug] [2019-01-28T16:22:46.489Z] > authorizing via signed-in user
[debug] [2019-01-28T16:22:46.489Z] [iam] checking project kantookids for permissions ["firebase.projects.get"]
[debug] [2019-01-28T16:22:46.490Z] >>> HTTP REQUEST POST https://cloudresourcemanager.googleapis.com/v1/projects/kantookids:testIamPermissions  

[debug] [2019-01-28T16:22:47.563Z] <<< HTTP RESPONSE 200
[debug] [2019-01-28T16:22:47.564Z] >>> HTTP REQUEST GET https://cloudresourcemanager.googleapis.com/v1/projects/kantookids  
 
[debug] [2019-01-28T16:22:48.473Z] <<< HTTP RESPONSE 200
[info] 
[info] === Serving from 'C:\Users\pavel.k\Documents\kantoo-kids'...
[info] 
[debug] [2019-01-28T16:22:48.475Z] >>> HTTP REQUEST GET https://mobilesdk-pa.googleapis.com/v1/projects/1064309586050/clients/_:getWebAppConfig  
 
[debug] [2019-01-28T16:22:48.939Z] <<< HTTP RESPONSE 200
[info] i  hosting: Serving hosting files from: kantoo-kids-dist
[info] +  hosting: Local server: http://localhost:5000
